[16-Mar-2018 09:57:49 UTC] PHP Warning:  include_once(/home/ubuntu/workspace/follow_the_rhythm/app/bootstrap.php.cache): failed to open stream: No such file or directory in /home/ubuntu/workspace/follow_the_rhythm/web/app.php on line 9
[16-Mar-2018 09:57:49 UTC] PHP Stack trace:
[16-Mar-2018 09:57:49 UTC] PHP   1. {main}() /home/ubuntu/workspace/follow_the_rhythm/web/app.php:0
[16-Mar-2018 09:57:49 UTC] PHP Warning:  include_once(): Failed opening '/home/ubuntu/workspace/follow_the_rhythm/app/bootstrap.php.cache' for inclusion (include_path='.:/usr/share/php:/usr/share/pear') in /home/ubuntu/workspace/follow_the_rhythm/web/app.php on line 9
[16-Mar-2018 09:57:49 UTC] PHP Stack trace:
[16-Mar-2018 09:57:49 UTC] PHP   1. {main}() /home/ubuntu/workspace/follow_the_rhythm/web/app.php:0
[16-Mar-2018 09:57:49 UTC] PHP Warning:  include_once(/home/ubuntu/workspace/follow_the_rhythm/web/../app/bootstrap.php.cache): failed to open stream: No such file or directory in /home/ubuntu/workspace/follow_the_rhythm/web/app.php on line 9
[16-Mar-2018 09:57:49 UTC] PHP Stack trace:
[16-Mar-2018 09:57:49 UTC] PHP   1. {main}() /home/ubuntu/workspace/follow_the_rhythm/web/app.php:0
[16-Mar-2018 09:57:49 UTC] PHP Warning:  include_once(): Failed opening '/home/ubuntu/workspace/follow_the_rhythm/web/../app/bootstrap.php.cache' for inclusion (include_path='.:/usr/share/php:/usr/share/pear') in /home/ubuntu/workspace/follow_the_rhythm/web/app.php on line 9
[16-Mar-2018 09:57:49 UTC] PHP Stack trace:
[16-Mar-2018 09:57:49 UTC] PHP   1. {main}() /home/ubuntu/workspace/follow_the_rhythm/web/app.php:0
[16-Mar-2018 09:58:26 UTC] PHP Warning:  include_once(/home/ubuntu/workspace/follow_the_rhythm/web/../app/bootstrap.php.cache): failed to open stream: No such file or directory in /home/ubuntu/workspace/follow_the_rhythm/web/app.php on line 9
[16-Mar-2018 09:58:26 UTC] PHP Stack trace:
[16-Mar-2018 09:58:26 UTC] PHP   1. {main}() /home/ubuntu/workspace/follow_the_rhythm/web/app.php:0
[16-Mar-2018 09:58:26 UTC] PHP Warning:  include_once(): Failed opening '/home/ubuntu/workspace/follow_the_rhythm/web/../app/bootstrap.php.cache' for inclusion (include_path='.:/usr/share/php:/usr/share/pear') in /home/ubuntu/workspace/follow_the_rhythm/web/app.php on line 9
[16-Mar-2018 09:58:26 UTC] PHP Stack trace:
[16-Mar-2018 09:58:26 UTC] PHP   1. {main}() /home/ubuntu/workspace/follow_the_rhythm/web/app.php:0
[16-Mar-2018 09:58:40 UTC] PHP Warning:  include_once(/home/ubuntu/workspace/follow_the_rhythm/web/../app/bootstrap.php.cache): failed to open stream: No such file or directory in /home/ubuntu/workspace/follow_the_rhythm/web/app.php on line 9
[16-Mar-2018 09:58:40 UTC] PHP Stack trace:
[16-Mar-2018 09:58:40 UTC] PHP   1. {main}() /home/ubuntu/workspace/follow_the_rhythm/web/app.php:0
[16-Mar-2018 09:58:40 UTC] PHP Warning:  include_once(): Failed opening '/home/ubuntu/workspace/follow_the_rhythm/web/../app/bootstrap.php.cache' for inclusion (include_path='.:/usr/share/php:/usr/share/pear') in /home/ubuntu/workspace/follow_the_rhythm/web/app.php on line 9
[16-Mar-2018 09:58:40 UTC] PHP Stack trace:
[16-Mar-2018 09:58:40 UTC] PHP   1. {main}() /home/ubuntu/workspace/follow_the_rhythm/web/app.php:0
[16-Mar-2018 09:58:41 UTC] PHP Warning:  include_once(/home/ubuntu/workspace/follow_the_rhythm/web/../app/bootstrap.php.cache): failed to open stream: No such file or directory in /home/ubuntu/workspace/follow_the_rhythm/web/app.php on line 9
[16-Mar-2018 09:58:41 UTC] PHP Stack trace:
[16-Mar-2018 09:58:41 UTC] PHP   1. {main}() /home/ubuntu/workspace/follow_the_rhythm/web/app.php:0
[16-Mar-2018 09:58:41 UTC] PHP Warning:  include_once(): Failed opening '/home/ubuntu/workspace/follow_the_rhythm/web/../app/bootstrap.php.cache' for inclusion (include_path='.:/usr/share/php:/usr/share/pear') in /home/ubuntu/workspace/follow_the_rhythm/web/app.php on line 9
[16-Mar-2018 09:58:41 UTC] PHP Stack trace:
[16-Mar-2018 09:58:41 UTC] PHP   1. {main}() /home/ubuntu/workspace/follow_the_rhythm/web/app.php:0
[16-Mar-2018 09:58:43 UTC] PHP Warning:  include_once(/home/ubuntu/workspace/follow_the_rhythm/web/../app/bootstrap.php.cache): failed to open stream: No such file or directory in /home/ubuntu/workspace/follow_the_rhythm/web/app.php on line 9
[16-Mar-2018 09:58:43 UTC] PHP Stack trace:
[16-Mar-2018 09:58:43 UTC] PHP   1. {main}() /home/ubuntu/workspace/follow_the_rhythm/web/app.php:0
[16-Mar-2018 09:58:43 UTC] PHP Warning:  include_once(): Failed opening '/home/ubuntu/workspace/follow_the_rhythm/web/../app/bootstrap.php.cache' for inclusion (include_path='.:/usr/share/php:/usr/share/pear') in /home/ubuntu/workspace/follow_the_rhythm/web/app.php on line 9
[16-Mar-2018 09:58:43 UTC] PHP Stack trace:
[16-Mar-2018 09:58:43 UTC] PHP   1. {main}() /home/ubuntu/workspace/follow_the_rhythm/web/app.php:0
[16-Mar-2018 09:58:44 UTC] PHP Warning:  include_once(/home/ubuntu/workspace/follow_the_rhythm/web/../app/bootstrap.php.cache): failed to open stream: No such file or directory in /home/ubuntu/workspace/follow_the_rhythm/web/app.php on line 9
[16-Mar-2018 09:58:44 UTC] PHP Stack trace:
[16-Mar-2018 09:58:44 UTC] PHP   1. {main}() /home/ubuntu/workspace/follow_the_rhythm/web/app.php:0
[16-Mar-2018 09:58:44 UTC] PHP Warning:  include_once(): Failed opening '/home/ubuntu/workspace/follow_the_rhythm/web/../app/bootstrap.php.cache' for inclusion (include_path='.:/usr/share/php:/usr/share/pear') in /home/ubuntu/workspace/follow_the_rhythm/web/app.php on line 9
[16-Mar-2018 09:58:44 UTC] PHP Stack trace:
[16-Mar-2018 09:58:44 UTC] PHP   1. {main}() /home/ubuntu/workspace/follow_the_rhythm/web/app.php:0
[16-Mar-2018 09:58:46 UTC] PHP Warning:  include_once(/home/ubuntu/workspace/follow_the_rhythm/web/../app/bootstrap.php.cache): failed to open stream: No such file or directory in /home/ubuntu/workspace/follow_the_rhythm/web/app.php on line 9
[16-Mar-2018 09:58:46 UTC] PHP Stack trace:
[16-Mar-2018 09:58:46 UTC] PHP   1. {main}() /home/ubuntu/workspace/follow_the_rhythm/web/app.php:0
[16-Mar-2018 09:58:46 UTC] PHP Warning:  include_once(): Failed opening '/home/ubuntu/workspace/follow_the_rhythm/web/../app/bootstrap.php.cache' for inclusion (include_path='.:/usr/share/php:/usr/share/pear') in /home/ubuntu/workspace/follow_the_rhythm/web/app.php on line 9
[16-Mar-2018 09:58:46 UTC] PHP Stack trace:
[16-Mar-2018 09:58:46 UTC] PHP   1. {main}() /home/ubuntu/workspace/follow_the_rhythm/web/app.php:0
[16-Mar-2018 09:58:48 UTC] PHP Warning:  include_once(/home/ubuntu/workspace/follow_the_rhythm/web/../app/bootstrap.php.cache): failed to open stream: No such file or directory in /home/ubuntu/workspace/follow_the_rhythm/web/app.php on line 9
[16-Mar-2018 09:58:48 UTC] PHP Stack trace:
[16-Mar-2018 09:58:48 UTC] PHP   1. {main}() /home/ubuntu/workspace/follow_the_rhythm/web/app.php:0
[16-Mar-2018 09:58:48 UTC] PHP Warning:  include_once(): Failed opening '/home/ubuntu/workspace/follow_the_rhythm/web/../app/bootstrap.php.cache' for inclusion (include_path='.:/usr/share/php:/usr/share/pear') in /home/ubuntu/workspace/follow_the_rhythm/web/app.php on line 9
[16-Mar-2018 09:58:48 UTC] PHP Stack trace:
[16-Mar-2018 09:58:48 UTC] PHP   1. {main}() /home/ubuntu/workspace/follow_the_rhythm/web/app.php:0
[16-Mar-2018 09:58:49 UTC] PHP Warning:  include_once(/home/ubuntu/workspace/follow_the_rhythm/web/../app/bootstrap.php.cache): failed to open stream: No such file or directory in /home/ubuntu/workspace/follow_the_rhythm/web/app.php on line 9
[16-Mar-2018 09:58:49 UTC] PHP Stack trace:
[16-Mar-2018 09:58:49 UTC] PHP   1. {main}() /home/ubuntu/workspace/follow_the_rhythm/web/app.php:0
[16-Mar-2018 09:58:49 UTC] PHP Warning:  include_once(): Failed opening '/home/ubuntu/workspace/follow_the_rhythm/web/../app/bootstrap.php.cache' for inclusion (include_path='.:/usr/share/php:/usr/share/pear') in /home/ubuntu/workspace/follow_the_rhythm/web/app.php on line 9
[16-Mar-2018 09:58:49 UTC] PHP Stack trace:
[16-Mar-2018 09:58:49 UTC] PHP   1. {main}() /home/ubuntu/workspace/follow_the_rhythm/web/app.php:0
[16-Mar-2018 09:58:50 UTC] PHP Warning:  include_once(/home/ubuntu/workspace/follow_the_rhythm/web/../app/bootstrap.php.cache): failed to open stream: No such file or directory in /home/ubuntu/workspace/follow_the_rhythm/web/app.php on line 9
[16-Mar-2018 09:58:50 UTC] PHP Stack trace:
[16-Mar-2018 09:58:50 UTC] PHP   1. {main}() /home/ubuntu/workspace/follow_the_rhythm/web/app.php:0
[16-Mar-2018 09:58:50 UTC] PHP Warning:  include_once(): Failed opening '/home/ubuntu/workspace/follow_the_rhythm/web/../app/bootstrap.php.cache' for inclusion (include_path='.:/usr/share/php:/usr/share/pear') in /home/ubuntu/workspace/follow_the_rhythm/web/app.php on line 9
[16-Mar-2018 09:58:50 UTC] PHP Stack trace:
[16-Mar-2018 09:58:50 UTC] PHP   1. {main}() /home/ubuntu/workspace/follow_the_rhythm/web/app.php:0
[16-Mar-2018 09:58:51 UTC] PHP Warning:  include_once(/home/ubuntu/workspace/follow_the_rhythm/web/../app/bootstrap.php.cache): failed to open stream: No such file or directory in /home/ubuntu/workspace/follow_the_rhythm/web/app.php on line 9
[16-Mar-2018 09:58:51 UTC] PHP Stack trace:
[16-Mar-2018 09:58:51 UTC] PHP   1. {main}() /home/ubuntu/workspace/follow_the_rhythm/web/app.php:0
[16-Mar-2018 09:58:51 UTC] PHP Warning:  include_once(): Failed opening '/home/ubuntu/workspace/follow_the_rhythm/web/../app/bootstrap.php.cache' for inclusion (include_path='.:/usr/share/php:/usr/share/pear') in /home/ubuntu/workspace/follow_the_rhythm/web/app.php on line 9
[16-Mar-2018 09:58:51 UTC] PHP Stack trace:
[16-Mar-2018 09:58:51 UTC] PHP   1. {main}() /home/ubuntu/workspace/follow_the_rhythm/web/app.php:0
[16-Mar-2018 09:58:52 UTC] PHP Warning:  include_once(/home/ubuntu/workspace/follow_the_rhythm/web/../app/bootstrap.php.cache): failed to open stream: No such file or directory in /home/ubuntu/workspace/follow_the_rhythm/web/app.php on line 9
[16-Mar-2018 09:58:52 UTC] PHP Stack trace:
[16-Mar-2018 09:58:52 UTC] PHP   1. {main}() /home/ubuntu/workspace/follow_the_rhythm/web/app.php:0
[16-Mar-2018 09:58:52 UTC] PHP Warning:  include_once(): Failed opening '/home/ubuntu/workspace/follow_the_rhythm/web/../app/bootstrap.php.cache' for inclusion (include_path='.:/usr/share/php:/usr/share/pear') in /home/ubuntu/workspace/follow_the_rhythm/web/app.php on line 9
[16-Mar-2018 09:58:52 UTC] PHP Stack trace:
[16-Mar-2018 09:58:52 UTC] PHP   1. {main}() /home/ubuntu/workspace/follow_the_rhythm/web/app.php:0
[16-Mar-2018 09:58:52 UTC] PHP Warning:  include_once(/home/ubuntu/workspace/follow_the_rhythm/web/../app/bootstrap.php.cache): failed to open stream: No such file or directory in /home/ubuntu/workspace/follow_the_rhythm/web/app.php on line 9
[16-Mar-2018 09:58:52 UTC] PHP Stack trace:
[16-Mar-2018 09:58:52 UTC] PHP   1. {main}() /home/ubuntu/workspace/follow_the_rhythm/web/app.php:0
[16-Mar-2018 09:58:52 UTC] PHP Warning:  include_once(): Failed opening '/home/ubuntu/workspace/follow_the_rhythm/web/../app/bootstrap.php.cache' for inclusion (include_path='.:/usr/share/php:/usr/share/pear') in /home/ubuntu/workspace/follow_the_rhythm/web/app.php on line 9
[16-Mar-2018 09:58:52 UTC] PHP Stack trace:
[16-Mar-2018 09:58:52 UTC] PHP   1. {main}() /home/ubuntu/workspace/follow_the_rhythm/web/app.php:0
[16-Mar-2018 09:58:52 UTC] PHP Warning:  include_once(/home/ubuntu/workspace/follow_the_rhythm/web/../app/bootstrap.php.cache): failed to open stream: No such file or directory in /home/ubuntu/workspace/follow_the_rhythm/web/app.php on line 9
[16-Mar-2018 09:58:52 UTC] PHP Stack trace:
[16-Mar-2018 09:58:52 UTC] PHP   1. {main}() /home/ubuntu/workspace/follow_the_rhythm/web/app.php:0
[16-Mar-2018 09:58:52 UTC] PHP Warning:  include_once(): Failed opening '/home/ubuntu/workspace/follow_the_rhythm/web/../app/bootstrap.php.cache' for inclusion (include_path='.:/usr/share/php:/usr/share/pear') in /home/ubuntu/workspace/follow_the_rhythm/web/app.php on line 9
[16-Mar-2018 09:58:52 UTC] PHP Stack trace:
[16-Mar-2018 09:58:52 UTC] PHP   1. {main}() /home/ubuntu/workspace/follow_the_rhythm/web/app.php:0
[16-Mar-2018 09:59:04 UTC] PHP Warning:  include_once(/home/ubuntu/workspace/follow_the_rhythm/web/../app/bootstrap.php.cache): failed to open stream: No such file or directory in /home/ubuntu/workspace/follow_the_rhythm/web/app.php on line 9
[16-Mar-2018 09:59:04 UTC] PHP Stack trace:
[16-Mar-2018 09:59:04 UTC] PHP   1. {main}() /home/ubuntu/workspace/follow_the_rhythm/web/app.php:0
[16-Mar-2018 09:59:04 UTC] PHP Warning:  include_once(): Failed opening '/home/ubuntu/workspace/follow_the_rhythm/web/../app/bootstrap.php.cache' for inclusion (include_path='.:/usr/share/php:/usr/share/pear') in /home/ubuntu/workspace/follow_the_rhythm/web/app.php on line 9
[16-Mar-2018 09:59:04 UTC] PHP Stack trace:
[16-Mar-2018 09:59:04 UTC] PHP   1. {main}() /home/ubuntu/workspace/follow_the_rhythm/web/app.php:0
[16-Mar-2018 10:05:04 UTC] PHP Warning:  include_once(/home/ubuntu/workspace/follow_the_rhythm/web/../app/bootstrap.php.cache): failed to open stream: No such file or directory in /home/ubuntu/workspace/follow_the_rhythm/web/app.php on line 9
[16-Mar-2018 10:05:04 UTC] PHP Stack trace:
[16-Mar-2018 10:05:04 UTC] PHP   1. {main}() /home/ubuntu/workspace/follow_the_rhythm/web/app.php:0
[16-Mar-2018 10:05:04 UTC] PHP Warning:  include_once(): Failed opening '/home/ubuntu/workspace/follow_the_rhythm/web/../app/bootstrap.php.cache' for inclusion (include_path='.:/usr/share/php:/usr/share/pear') in /home/ubuntu/workspace/follow_the_rhythm/web/app.php on line 9
[16-Mar-2018 10:05:04 UTC] PHP Stack trace:
[16-Mar-2018 10:05:04 UTC] PHP   1. {main}() /home/ubuntu/workspace/follow_the_rhythm/web/app.php:0
[16-Mar-2018 10:06:48 UTC] PHP Warning:  include_once(/home/ubuntu/workspace/follow_the_rhythm/web/../app/bootstrap.php.cache): failed to open stream: No such file or directory in /home/ubuntu/workspace/follow_the_rhythm/web/app.php on line 9
[16-Mar-2018 10:06:48 UTC] PHP Stack trace:
[16-Mar-2018 10:06:48 UTC] PHP   1. {main}() /home/ubuntu/workspace/follow_the_rhythm/web/app.php:0
[16-Mar-2018 10:06:48 UTC] PHP Warning:  include_once(): Failed opening '/home/ubuntu/workspace/follow_the_rhythm/web/../app/bootstrap.php.cache' for inclusion (include_path='.:/usr/share/php:/usr/share/pear') in /home/ubuntu/workspace/follow_the_rhythm/web/app.php on line 9
[16-Mar-2018 10:06:48 UTC] PHP Stack trace:
[16-Mar-2018 10:06:48 UTC] PHP   1. {main}() /home/ubuntu/workspace/follow_the_rhythm/web/app.php:0
[16-Mar-2018 10:06:54 UTC] PHP Warning:  include_once(/home/ubuntu/workspace/follow_the_rhythm/web/../app/bootstrap.php.cache): failed to open stream: No such file or directory in /home/ubuntu/workspace/follow_the_rhythm/web/app.php on line 9
[16-Mar-2018 10:06:54 UTC] PHP Stack trace:
[16-Mar-2018 10:06:54 UTC] PHP   1. {main}() /home/ubuntu/workspace/follow_the_rhythm/web/app.php:0
[16-Mar-2018 10:06:54 UTC] PHP Warning:  include_once(): Failed opening '/home/ubuntu/workspace/follow_the_rhythm/web/../app/bootstrap.php.cache' for inclusion (include_path='.:/usr/share/php:/usr/share/pear') in /home/ubuntu/workspace/follow_the_rhythm/web/app.php on line 9
[16-Mar-2018 10:06:54 UTC] PHP Stack trace:
[16-Mar-2018 10:06:54 UTC] PHP   1. {main}() /home/ubuntu/workspace/follow_the_rhythm/web/app.php:0
[16-Mar-2018 10:06:56 UTC] PHP Warning:  include_once(/home/ubuntu/workspace/follow_the_rhythm/web/../app/bootstrap.php.cache): failed to open stream: No such file or directory in /home/ubuntu/workspace/follow_the_rhythm/web/app.php on line 9
[16-Mar-2018 10:06:56 UTC] PHP Stack trace:
[16-Mar-2018 10:06:56 UTC] PHP   1. {main}() /home/ubuntu/workspace/follow_the_rhythm/web/app.php:0
[16-Mar-2018 10:06:56 UTC] PHP Warning:  include_once(): Failed opening '/home/ubuntu/workspace/follow_the_rhythm/web/../app/bootstrap.php.cache' for inclusion (include_path='.:/usr/share/php:/usr/share/pear') in /home/ubuntu/workspace/follow_the_rhythm/web/app.php on line 9
[16-Mar-2018 10:06:56 UTC] PHP Stack trace:
[16-Mar-2018 10:06:56 UTC] PHP   1. {main}() /home/ubuntu/workspace/follow_the_rhythm/web/app.php:0
[16-Mar-2018 10:06:59 UTC] PHP Warning:  include_once(/home/ubuntu/workspace/follow_the_rhythm/web/../app/bootstrap.php.cache): failed to open stream: No such file or directory in /home/ubuntu/workspace/follow_the_rhythm/web/app.php on line 9
[16-Mar-2018 10:06:59 UTC] PHP Stack trace:
[16-Mar-2018 10:06:59 UTC] PHP   1. {main}() /home/ubuntu/workspace/follow_the_rhythm/web/app.php:0
[16-Mar-2018 10:06:59 UTC] PHP Warning:  include_once(): Failed opening '/home/ubuntu/workspace/follow_the_rhythm/web/../app/bootstrap.php.cache' for inclusion (include_path='.:/usr/share/php:/usr/share/pear') in /home/ubuntu/workspace/follow_the_rhythm/web/app.php on line 9
[16-Mar-2018 10:06:59 UTC] PHP Stack trace:
[16-Mar-2018 10:06:59 UTC] PHP   1. {main}() /home/ubuntu/workspace/follow_the_rhythm/web/app.php:0
[16-Mar-2018 10:07:00 UTC] PHP Warning:  include_once(/home/ubuntu/workspace/follow_the_rhythm/web/../app/bootstrap.php.cache): failed to open stream: No such file or directory in /home/ubuntu/workspace/follow_the_rhythm/web/app.php on line 9
[16-Mar-2018 10:07:00 UTC] PHP Stack trace:
[16-Mar-2018 10:07:00 UTC] PHP   1. {main}() /home/ubuntu/workspace/follow_the_rhythm/web/app.php:0
[16-Mar-2018 10:07:00 UTC] PHP Warning:  include_once(): Failed opening '/home/ubuntu/workspace/follow_the_rhythm/web/../app/bootstrap.php.cache' for inclusion (include_path='.:/usr/share/php:/usr/share/pear') in /home/ubuntu/workspace/follow_the_rhythm/web/app.php on line 9
[16-Mar-2018 10:07:00 UTC] PHP Stack trace:
[16-Mar-2018 10:07:00 UTC] PHP   1. {main}() /home/ubuntu/workspace/follow_the_rhythm/web/app.php:0
[16-Mar-2018 10:07:25 UTC] PHP Warning:  include_once(/home/ubuntu/workspace/follow_the_rhythm/web/../app/bootstrap.php.cache): failed to open stream: No such file or directory in /home/ubuntu/workspace/follow_the_rhythm/web/app.php on line 9
[16-Mar-2018 10:07:25 UTC] PHP Stack trace:
[16-Mar-2018 10:07:25 UTC] PHP   1. {main}() /home/ubuntu/workspace/follow_the_rhythm/web/app.php:0
[16-Mar-2018 10:07:25 UTC] PHP Warning:  include_once(): Failed opening '/home/ubuntu/workspace/follow_the_rhythm/web/../app/bootstrap.php.cache' for inclusion (include_path='.:/usr/share/php:/usr/share/pear') in /home/ubuntu/workspace/follow_the_rhythm/web/app.php on line 9
[16-Mar-2018 10:07:25 UTC] PHP Stack trace:
[16-Mar-2018 10:07:25 UTC] PHP   1. {main}() /home/ubuntu/workspace/follow_the_rhythm/web/app.php:0
